<?xml version="1.0" encoding="UTF-8"?>
<!-- Generated by org.testng.reporters.JUnitReportReporter -->
<testsuite hostname="HP_MAROOR" failures="0" tests="4" name="testscripts.LoginTest" time="24.977" errors="0" timestamp="2025-06-19T20:36:03 IST" skipped="0">
  <testcase classname="testscripts.LoginTest" name="verifyTheUserIsAbleToLoginUsingInvalidPassCredentials" time="5.735"/>
  <testcase classname="testscripts.LoginTest" name="verifyTheUserIsAbleToLoginUsingInvalidUserAndPassCredentials" time="5.879"/>
  <testcase classname="testscripts.LoginTest" name="verifyTheUserIsAbleToLoginUsingValidCredentials" time="8.550"/>
  <testcase classname="testscripts.LoginTest" name="verifyTheUserIsAbleToLoginUsingInvalidUserCredentials" time="4.813"/>
</testsuite> <!-- testscripts.LoginTest -->
