<?xml version="1.0" encoding="UTF-8"?>
<!-- Generated by org.testng.reporters.JUnitReportReporter -->
<testsuite hostname="HP_MAROOR" failures="0" tests="1" name="testscripts.LoginTest" time="13.305" errors="0" timestamp="2025-06-20T12:54:54 IST" skipped="0">
  <testcase classname="testscripts.LoginTest" name="verifyTheUserIsAbleToLoginUsingValidCredentials" time="13.305"/>
</testsuite> <!-- testscripts.LoginTest -->
