<?xml version="1.0" encoding="UTF-8"?>
<!-- Generated by org.testng.reporters.JUnitReportReporter -->
<testsuite hostname="HP_MAROOR" failures="0" tests="1" name="testscripts.ManageNewsTest" time="16.956" errors="0" timestamp="2025-06-13T20:50:27 IST" skipped="0">
  <testcase classname="testscripts.ManageNewsTest" name="clickOnMoreInfoInManageNews" time="16.956"/>
</testsuite> <!-- testscripts.ManageNewsTest -->
