<?xml version="1.0" encoding="UTF-8"?>
<!-- Generated by org.testng.reporters.JUnitReportReporter -->
<testsuite hostname="HP_MAROOR" failures="0" tests="1" name="testscripts.Login" time="4.838" errors="0" timestamp="2025-06-05T20:53:58 IST" skipped="0">
  <testcase classname="testscripts.Login" name="invalidPassword" time="4.838"/>
</testsuite> <!-- testscripts.Login -->
